[debug] [2025-08-11T06:05:49.899Z] ----------------------------------------------------------------------
[debug] [2025-08-11T06:05:49.903Z] Command:       C:\Program Files\nodejs\node.exe C:\Users\NIKHIL GORE\AppData\Roaming\npm\node_modules\firebase-tools\lib\bin\firebase.js init
[debug] [2025-08-11T06:05:49.904Z] CLI Version:   14.12.0
[debug] [2025-08-11T06:05:49.904Z] Platform:      win32
[debug] [2025-08-11T06:05:49.904Z] Node Version:  v22.16.0
[debug] [2025-08-11T06:05:49.905Z] Time:          Mon Aug 11 2025 11:35:49 GMT+0530 (India Standard Time)
[debug] [2025-08-11T06:05:49.905Z] ----------------------------------------------------------------------
[debug] 
[debug] [2025-08-11T06:05:49.916Z] > command requires scopes: ["email","openid","https://www.googleapis.com/auth/cloudplatformprojects.readonly","https://www.googleapis.com/auth/firebase","https://www.googleapis.com/auth/cloud-platform"]
[debug] [2025-08-11T06:05:49.916Z] > authorizing via signed-in user (nikhilgore1997@gmail.com)
[info] 
     ######## #### ########  ######## ########     ###     ######  ########
     ##        ##  ##     ## ##       ##     ##  ##   ##  ##       ##
     ######    ##  ########  ######   ########  #########  ######  ######
     ##        ##  ##    ##  ##       ##     ## ##     ##       ## ##
     ##       #### ##     ## ######## ########  ##     ##  ######  ########

You're about to initialize a Firebase project in this directory:

  C:\Users\NIKHIL GORE\OneDrive\Desktop\Rahul\frontend

[info] 
=== Project Setup
[info] 
[info] First, let's associate this project directory with a Firebase project.
[info] You can create multiple project aliases by running firebase use --add, 
[info] but for now we'll just set up a default project.
[info] 
[debug] [2025-08-11T06:06:20.153Z] Checked if tokens are valid: true, expires at: 1754895324351
[debug] [2025-08-11T06:06:20.153Z] Checked if tokens are valid: true, expires at: 1754895324351
[debug] [2025-08-11T06:06:20.156Z] >>> [apiv2][query] GET https://firebase.googleapis.com/v1beta1/projects pageSize=100
[debug] [2025-08-11T06:06:21.132Z] <<< [apiv2][status] GET https://firebase.googleapis.com/v1beta1/projects 200
[debug] [2025-08-11T06:06:21.133Z] <<< [apiv2][body] GET https://firebase.googleapis.com/v1beta1/projects [omitted]
[info] i  Using project dermo-9ca64 (Dermo) 
[info] 
=== Dataconnect Setup
[debug] [2025-08-11T06:06:23.390Z] Checked if tokens are valid: true, expires at: 1754895324351
[debug] [2025-08-11T06:06:23.390Z] Checked if tokens are valid: true, expires at: 1754895324351
[debug] [2025-08-11T06:06:23.391Z] >>> [apiv2][query] GET https://cloudbilling.googleapis.com/v1/projects/dermo-9ca64/billingInfo [none]
[debug] [2025-08-11T06:06:24.165Z] <<< [apiv2][status] GET https://cloudbilling.googleapis.com/v1/projects/dermo-9ca64/billingInfo 200
[debug] [2025-08-11T06:06:24.166Z] <<< [apiv2][body] GET https://cloudbilling.googleapis.com/v1/projects/dermo-9ca64/billingInfo {"name":"projects/dermo-9ca64/billingInfo","projectId":"dermo-9ca64","billingAccountName":"","billingEnabled":false}
[info] i  dataconnect: ensuring required API sqladmin.googleapis.com is enabled... 
[info] i  dataconnect: ensuring required API firebasedataconnect.googleapis.com is enabled... 
[debug] [2025-08-11T06:06:24.178Z] Checked if tokens are valid: true, expires at: 1754895324351
[debug] [2025-08-11T06:06:24.178Z] Checked if tokens are valid: true, expires at: 1754895324351
[debug] [2025-08-11T06:06:24.179Z] >>> [apiv2][query] GET https://firebasedataconnect.googleapis.com/v1/projects/dermo-9ca64/locations/-/services [none]
[debug] [2025-08-11T06:06:26.248Z] <<< [apiv2][status] GET https://firebasedataconnect.googleapis.com/v1/projects/dermo-9ca64/locations/-/services 200
[debug] [2025-08-11T06:06:26.248Z] <<< [apiv2][body] GET https://firebasedataconnect.googleapis.com/v1/projects/dermo-9ca64/locations/-/services {}
[info] i  dataconnect\dataconnect.yaml is unchanged 
[info] i  dataconnect\schema\schema.gql is unchanged 
[info] i  Skipping write of dataconnect\connector\connector.yaml 
[info] i  dataconnect\connector\queries.gql is unchanged 
[info] i  dataconnect\connector\mutations.gql is unchanged 
[info] +  Detected WEB app in directory C:\Users\NIKHIL GORE\OneDrive\Desktop\Rahul\frontend 
[info] i  Detected react app. Enabling react generated SDKs. 
[info] i  Writing your new SDK configuration to C:\Users\NIKHIL GORE\OneDrive\Desktop\Rahul\frontend\dataconnect\connector/connector.yaml 
[info] +  Wrote dataconnect\connector\connector.yaml 
[debug] [2025-08-11T06:07:00.393Z] defaultcredentials: writing to file C:\Users\NIKHIL GORE\AppData\Roaming\firebase\nikhilgore1997_gmail_com_application_default_credentials.json
[info] I0811 11:37:00.486868    1720 codegen.go:82] [connector "default" javascriptSdk] Generating sources into "C:\\Users\\NIKHIL GORE\\OneDrive\\Desktop\\Rahul\\frontend\\dataconnect-generated\\js\\default-connector"
I0811 11:37:00.495764    1720 generate.go:40] Generated all sources. Writing them to disk...
I0811 11:37:00.501307    1720 collector.go:107] connector "default" javascriptSdk wrote into "C:\\Users\\NIKHIL GORE\\OneDrive\\Desktop\\Rahul\\frontend\\dataconnect-generated\\js\\default-connector"
Generated sources: esm\index.esm.js [111B] esm\package.json [17B] package.json [860B] react\index.d.ts [228B] react\package.json [468B] react\index.cjs.js [0B] react\esm\index.esm.js [0B] react\README.md [5474B] index.d.ts [248B] index.cjs.js [146B] README.md [2896B] react\esm\package.json [17B] 
I0811 11:37:00.501307    1720 collector.go:114] connector "default" javascriptSdk deleted obsolete file "C:\\Users\\NIKHIL GORE\\OneDrive\\Desktop\\Rahul\\frontend\\dataconnect-generated\\js\\default-connector\\angular\\README.md"
I0811 11:37:00.502305    1720 collector.go:114] connector "default" javascriptSdk deleted obsolete file "C:\\Users\\NIKHIL GORE\\OneDrive\\Desktop\\Rahul\\frontend\\dataconnect-generated\\js\\default-connector\\angular\\esm\\index.esm.js"
I0811 11:37:00.502305    1720 collector.go:114] connector "default" javascriptSdk deleted obsolete file "C:\\Users\\NIKHIL GORE\\OneDrive\\Desktop\\Rahul\\frontend\\dataconnect-generated\\js\\default-connector\\angular\\esm\\package.json"
I0811 11:37:00.502305    1720 collector.go:114] connector "default" javascriptSdk deleted obsolete file "C:\\Users\\NIKHIL GORE\\OneDrive\\Desktop\\Rahul\\frontend\\dataconnect-generated\\js\\default-connector\\angular\\index.cjs.js"
I0811 11:37:00.502305    1720 collector.go:114] connector "default" javascriptSdk deleted obsolete file "C:\\Users\\NIKHIL GORE\\OneDrive\\Desktop\\Rahul\\frontend\\dataconnect-generated\\js\\default-connector\\angular\\index.d.ts"
I0811 11:37:00.502305    1720 collector.go:114] connector "default" javascriptSdk deleted obsolete file "C:\\Users\\NIKHIL GORE\\OneDrive\\Desktop\\Rahul\\frontend\\dataconnect-generated\\js\\default-connector\\angular\\package.json"
I0811 11:37:00.576296    1720 installsdk.go:55] Package @firebasegen/default-connector is already installed. Skipping installation

[info] i  Generated SDK code for default 
[info] i  Visit https://firebase.google.com/docs/data-connect/web-sdk#react for more information on how to set up React Generated SDKs for Firebase Data Connect 
[info] +  If you'd like to add more generated SDKs to your app your later, run firebase init dataconnect:sdk again 
[info] i  If you'd like to provision a CloudSQL Postgres instance on the Firebase Data Connect no-cost trial:
1. Please upgrade to the pay-as-you-go (Blaze) billing plan. Visit the following page:
     https://console.firebase.google.com/project/dermo-9ca64/usage/details
2. Run firebase init dataconnect again to configure the Cloud SQL instance.
3. Run firebase deploy --only dataconnect to deploy your Data Connect service. 
[info] 
=== Firestore Setup
[info] i  firestore: ensuring required API firestore.googleapis.com is enabled... 
[debug] [2025-08-11T06:07:00.806Z] Checked if tokens are valid: true, expires at: 1754895324351
[debug] [2025-08-11T06:07:00.806Z] Checked if tokens are valid: true, expires at: 1754895324351
[debug] [2025-08-11T06:07:00.806Z] >>> [apiv2][query] GET https://firestore.googleapis.com/v1/projects/dermo-9ca64/databases [none]
[debug] [2025-08-11T06:07:01.516Z] <<< [apiv2][status] GET https://firestore.googleapis.com/v1/projects/dermo-9ca64/databases 200
[debug] [2025-08-11T06:07:01.516Z] <<< [apiv2][body] GET https://firestore.googleapis.com/v1/projects/dermo-9ca64/databases {}
[debug] [2025-08-11T06:07:01.516Z] Checked if tokens are valid: true, expires at: 1754895324351
[debug] [2025-08-11T06:07:01.517Z] Checked if tokens are valid: true, expires at: 1754895324351
[debug] [2025-08-11T06:07:01.517Z] >>> [apiv2][query] GET https://firestore.googleapis.com/v1/projects/dermo-9ca64/locations [none]
[debug] [2025-08-11T06:07:01.672Z] <<< [apiv2][status] GET https://firestore.googleapis.com/v1/projects/dermo-9ca64/locations 200
[debug] [2025-08-11T06:07:01.672Z] <<< [apiv2][body] GET https://firestore.googleapis.com/v1/projects/dermo-9ca64/locations {"locations":[{"name":"projects/dermo-9ca64/locations/eur3","labels":{"appengine.googleapis.com/geo":"europe-west","cloud.googleapis.com/location":"eur3","cloud.googleapis.com/geo":"eur3"},"metadata":{"@type":"type.googleapis.com/google.firestore.admin.v1.LocationMetadata"},"locationId":"eur3","displayName":"Europe"},{"name":"projects/dermo-9ca64/locations/nam5","labels":{"appengine.googleapis.com/geo":"us-central","cloud.googleapis.com/location":"nam5","cloud.googleapis.com/geo":"nam5"},"metadata":{"@type":"type.googleapis.com/google.firestore.admin.v1.LocationMetadata"},"locationId":"nam5","displayName":"United States"},{"name":"projects/dermo-9ca64/locations/nam7","labels":{"cloud.googleapis.com/location":"nam7","cloud.googleapis.com/geo":"nam7"},"metadata":{"@type":"type.googleapis.com/google.firestore.admin.v1.LocationMetadata"},"locationId":"nam7","displayName":"United States"},{"name":"projects/dermo-9ca64/locations/africa-south1","labels":{"cloud.googleapis.com/location":"africa-south1","cloud.googleapis.com/region":"africa-south1"},"metadata":{"@type":"type.googleapis.com/google.firestore.admin.v1.LocationMetadata"},"locationId":"africa-south1","displayName":"Johannesburg"},{"name":"projects/dermo-9ca64/locations/asia-east1","labels":{"appengine.googleapis.com/region":"asia-east1","cloud.googleapis.com/location":"asia-east1","cloud.googleapis.com/region":"asia-east1"},"metadata":{"@type":"type.googleapis.com/google.firestore.admin.v1.LocationMetadata"},"locationId":"asia-east1","displayName":"Taiwan"},{"name":"projects/dermo-9ca64/locations/asia-east2","labels":{"appengine.googleapis.com/region":"asia-east2","cloud.googleapis.com/location":"asia-east2","cloud.googleapis.com/region":"asia-east2"},"metadata":{"@type":"type.googleapis.com/google.firestore.admin.v1.LocationMetadata"},"locationId":"asia-east2","displayName":"Hong Kong"},{"name":"projects/dermo-9ca64/locations/asia-northeast1","labels":{"appengine.googleapis.com/region":"asia-northeast1","cloud.googleapis.com/location":"asia-northeast1","cloud.googleapis.com/region":"asia-northeast1"},"metadata":{"@type":"type.googleapis.com/google.firestore.admin.v1.LocationMetadata"},"locationId":"asia-northeast1","displayName":"Tokyo"},{"name":"projects/dermo-9ca64/locations/asia-northeast2","labels":{"appengine.googleapis.com/region":"asia-northeast2","cloud.googleapis.com/location":"asia-northeast2","cloud.googleapis.com/region":"asia-northeast2"},"metadata":{"@type":"type.googleapis.com/google.firestore.admin.v1.LocationMetadata"},"locationId":"asia-northeast2","displayName":"Osaka"},{"name":"projects/dermo-9ca64/locations/asia-northeast3","labels":{"appengine.googleapis.com/region":"asia-northeast3","cloud.googleapis.com/location":"asia-northeast3","cloud.googleapis.com/region":"asia-northeast3"},"metadata":{"@type":"type.googleapis.com/google.firestore.admin.v1.LocationMetadata"},"locationId":"asia-northeast3","displayName":"Seoul"},{"name":"projects/dermo-9ca64/locations/asia-south1","labels":{"appengine.googleapis.com/region":"asia-south1","cloud.googleapis.com/location":"asia-south1","cloud.googleapis.com/region":"asia-south1"},"metadata":{"@type":"type.googleapis.com/google.firestore.admin.v1.LocationMetadata"},"locationId":"asia-south1","displayName":"Mumbai"},{"name":"projects/dermo-9ca64/locations/asia-south2","labels":{"cloud.googleapis.com/location":"asia-south2","cloud.googleapis.com/region":"asia-south2"},"metadata":{"@type":"type.googleapis.com/google.firestore.admin.v1.LocationMetadata"},"locationId":"asia-south2","displayName":"Delhi"},{"name":"projects/dermo-9ca64/locations/asia-southeast1","labels":{"appengine.googleapis.com/region":"asia-southeast1","cloud.googleapis.com/location":"asia-southeast1","cloud.googleapis.com/region":"asia-southeast1"},"metadata":{"@type":"type.googleapis.com/google.firestore.admin.v1.LocationMetadata"},"locationId":"asia-southeast1","displayName":"Singapore"},{"name":"projects/dermo-9ca64/locations/asia-southeast2","labels":{"appengine.googleapis.com/region":"asia-southeast2","cloud.googleapis.com/location":"asia-southeast2","cloud.googleapis.com/region":"asia-southeast2"},"metadata":{"@type":"type.googleapis.com/google.firestore.admin.v1.LocationMetadata"},"locationId":"asia-southeast2","displayName":"Jakarta"},{"name":"projects/dermo-9ca64/locations/australia-southeast1","labels":{"appengine.googleapis.com/region":"australia-southeast1","cloud.googleapis.com/location":"australia-southeast1","cloud.googleapis.com/region":"australia-southeast1"},"metadata":{"@type":"type.googleapis.com/google.firestore.admin.v1.LocationMetadata"},"locationId":"australia-southeast1","displayName":"Sydney"},{"name":"projects/dermo-9ca64/locations/australia-southeast2","labels":{"cloud.googleapis.com/location":"australia-southeast2","cloud.googleapis.com/region":"australia-southeast2"},"metadata":{"@type":"type.googleapis.com/google.firestore.admin.v1.LocationMetadata"},"locationId":"australia-southeast2","displayName":"Melbourne"},{"name":"projects/dermo-9ca64/locations/europe-central2","labels":{"appengine.googleapis.com/region":"europe-central2","cloud.googleapis.com/location":"europe-central2","cloud.googleapis.com/region":"europe-central2"},"metadata":{"@type":"type.googleapis.com/google.firestore.admin.v1.LocationMetadata"},"locationId":"europe-central2","displayName":"Warsaw"},{"name":"projects/dermo-9ca64/locations/europe-north1","labels":{"cloud.googleapis.com/location":"europe-north1","cloud.googleapis.com/region":"europe-north1"},"metadata":{"@type":"type.googleapis.com/google.firestore.admin.v1.LocationMetadata"},"locationId":"europe-north1","displayName":"Finland"},{"name":"projects/dermo-9ca64/locations/europe-north2","labels":{"cloud.googleapis.com/location":"europe-north2","cloud.googleapis.com/region":"europe-north2"},"metadata":{"@type":"type.googleapis.com/google.firestore.admin.v1.LocationMetadata"},"locationId":"europe-north2","displayName":"Stockholm"},{"name":"projects/dermo-9ca64/locations/europe-southwest1","labels":{"cloud.googleapis.com/location":"europe-southwest1","cloud.googleapis.com/region":"europe-southwest1"},"metadata":{"@type":"type.googleapis.com/google.firestore.admin.v1.LocationMetadata"},"locationId":"europe-southwest1","displayName":"Madrid"},{"name":"projects/dermo-9ca64/locations/europe-west1","labels":{"cloud.googleapis.com/location":"europe-west1","cloud.googleapis.com/region":"europe-west1"},"metadata":{"@type":"type.googleapis.com/google.firestore.admin.v1.LocationMetadata"},"locationId":"europe-west1","displayName":"Belgium"},{"name":"projects/dermo-9ca64/locations/europe-west10","labels":{"cloud.googleapis.com/location":"europe-west10","cloud.googleapis.com/region":"europe-west10"},"metadata":{"@type":"type.googleapis.com/google.firestore.admin.v1.LocationMetadata"},"locationId":"europe-west10","displayName":"Berlin"},{"name":"projects/dermo-9ca64/locations/europe-west12","labels":{"cloud.googleapis.com/location":"europe-west12","cloud.googleapis.com/region":"europe-west12"},"metadata":{"@type":"type.googleapis.com/google.firestore.admin.v1.LocationMetadata"},"locationId":"europe-west12","displayName":"Turin"},{"name":"projects/dermo-9ca64/locations/europe-west2","labels":{"appengine.googleapis.com/region":"europe-west2","cloud.googleapis.com/location":"europe-west2","cloud.googleapis.com/region":"europe-west2"},"metadata":{"@type":"type.googleapis.com/google.firestore.admin.v1.LocationMetadata"},"locationId":"europe-west2","displayName":"London"},{"name":"projects/dermo-9ca64/locations/europe-west3","labels":{"appengine.googleapis.com/region":"europe-west3","cloud.googleapis.com/location":"europe-west3","cloud.googleapis.com/region":"europe-west3"},"metadata":{"@type":"type.googleapis.com/google.firestore.admin.v1.LocationMetadata"},"locationId":"europe-west3","displayName":"Frankfurt"},{"name":"projects/dermo-9ca64/locations/europe-west4","labels":{"cloud.googleapis.com/location":"europe-west4","cloud.googleapis.com/region":"europe-west4"},"metadata":{"@type":"type.googleapis.com/google.firestore.admin.v1.LocationMetadata"},"locationId":"europe-west4","displayName":"Netherlands"},{"name":"projects/dermo-9ca64/locations/europe-west6","labels":{"appengine.googleapis.com/region":"europe-west6","cloud.googleapis.com/location":"europe-west6","cloud.googleapis.com/region":"europe-west6"},"metadata":{"@type":"type.googleapis.com/google.firestore.admin.v1.LocationMetadata"},"locationId":"europe-west6","displayName":"Zurich"},{"name":"projects/dermo-9ca64/locations/europe-west8","labels":{"cloud.googleapis.com/location":"europe-west8","cloud.googleapis.com/region":"europe-west8"},"metadata":{"@type":"type.googleapis.com/google.firestore.admin.v1.LocationMetadata"},"locationId":"europe-west8","displayName":"Milan"},{"name":"projects/dermo-9ca64/locations/europe-west9","labels":{"cloud.googleapis.com/location":"europe-west9","cloud.googleapis.com/region":"europe-west9"},"metadata":{"@type":"type.googleapis.com/google.firestore.admin.v1.LocationMetadata"},"locationId":"europe-west9","displayName":"Paris"},{"name":"projects/dermo-9ca64/locations/me-central1","labels":{"cloud.googleapis.com/location":"me-central1","cloud.googleapis.com/region":"me-central1"},"metadata":{"@type":"type.googleapis.com/google.firestore.admin.v1.LocationMetadata"},"locationId":"me-central1","displayName":"Doha"},{"name":"projects/dermo-9ca64/locations/me-central2","labels":{"cloud.googleapis.com/location":"me-central2","cloud.googleapis.com/region":"me-central2"},"metadata":{"@type":"type.googleapis.com/google.firestore.admin.v1.LocationMetadata"},"locationId":"me-central2","displayName":"Dammam"},{"name":"projects/dermo-9ca64/locations/me-west1","labels":{"cloud.googleapis.com/location":"me-west1","cloud.googleapis.com/region":"me-west1"},"metadata":{"@type":"type.googleapis.com/google.firestore.admin.v1.LocationMetadata"},"locationId":"me-west1","displayName":"Tel Aviv"},{"name":"projects/dermo-9ca64/locations/northamerica-northeast1","labels":{"appengine.googleapis.com/region":"northamerica-northeast1","cloud.googleapis.com/location":"northamerica-northeast1","cloud.googleapis.com/region":"northamerica-northeast1"},"metadata":{"@type":"type.googleapis.com/google.firestore.admin.v1.LocationMetadata"},"locationId":"northamerica-northeast1","displayName":"Montréal"},{"name":"projects/dermo-9ca64/locations/northamerica-northeast2","labels":{"cloud.googleapis.com/location":"northamerica-northeast2","cloud.googleapis.com/region":"northamerica-northeast2"},"metadata":{"@type":"type.googleapis.com/google.firestore.admin.v1.LocationMetadata"},"locationId":"northamerica-northeast2","displayName":"Toronto"},{"name":"projects/dermo-9ca64/locations/northamerica-south1","labels":{"cloud.googleapis.com/location":"northamerica-south1","cloud.googleapis.com/region":"northamerica-south1"},"metadata":{"@type":"type.googleapis.com/google.firestore.admin.v1.LocationMetadata"},"locationId":"northamerica-south1","displayName":"Mexico"},{"name":"projects/dermo-9ca64/locations/southamerica-east1","labels":{"appengine.googleapis.com/region":"southamerica-east1","cloud.googleapis.com/location":"southamerica-east1","cloud.googleapis.com/region":"southamerica-east1"},"metadata":{"@type":"type.googleapis.com/google.firestore.admin.v1.LocationMetadata"},"locationId":"southamerica-east1","displayName":"São Paulo"},{"name":"projects/dermo-9ca64/locations/southamerica-west1","labels":{"cloud.googleapis.com/location":"southamerica-west1","cloud.googleapis.com/region":"southamerica-west1"},"metadata":{"@type":"type.googleapis.com/google.firestore.admin.v1.LocationMetadata"},"locationId":"southamerica-west1","displayName":"Santiago"},{"name":"projects/dermo-9ca64/locations/us-central1","labels":{"cloud.googleapis.com/location":"us-central1","cloud.googleapis.com/region":"us-central1"},"metadata":{"@type":"type.googleapis.com/google.firestore.admin.v1.LocationMetadata"},"locationId":"us-central1","displayName":"Iowa"},{"name":"projects/dermo-9ca64/locations/us-east1","labels":{"appengine.googleapis.com/region":"us-east1","cloud.googleapis.com/location":"us-east1","cloud.googleapis.com/region":"us-east1"},"metadata":{"@type":"type.googleapis.com/google.firestore.admin.v1.LocationMetadata"},"locationId":"us-east1","displayName":"South Carolina"},{"name":"projects/dermo-9ca64/locations/us-east4","labels":{"appengine.googleapis.com/region":"us-east4","cloud.googleapis.com/location":"us-east4","cloud.googleapis.com/region":"us-east4"},"metadata":{"@type":"type.googleapis.com/google.firestore.admin.v1.LocationMetadata"},"locationId":"us-east4","displayName":"Northern Virginia"},{"name":"projects/dermo-9ca64/locations/us-east5","labels":{"cloud.googleapis.com/location":"us-east5","cloud.googleapis.com/region":"us-east5"},"metadata":{"@type":"type.googleapis.com/google.firestore.admin.v1.LocationMetadata"},"locationId":"us-east5","displayName":"Columbus"},{"name":"projects/dermo-9ca64/locations/us-south1","labels":{"cloud.googleapis.com/location":"us-south1","cloud.googleapis.com/region":"us-south1"},"metadata":{"@type":"type.googleapis.com/google.firestore.admin.v1.LocationMetadata"},"locationId":"us-south1","displayName":"Dallas"},{"name":"projects/dermo-9ca64/locations/us-west1","labels":{"appengine.googleapis.com/region":"us-west1","cloud.googleapis.com/location":"us-west1","cloud.googleapis.com/region":"us-west1"},"metadata":{"@type":"type.googleapis.com/google.firestore.admin.v1.LocationMetadata"},"locationId":"us-west1","displayName":"Oregon"},{"name":"projects/dermo-9ca64/locations/us-west2","labels":{"appengine.googleapis.com/region":"us-west2","cloud.googleapis.com/location":"us-west2","cloud.googleapis.com/region":"us-west2"},"metadata":{"@type":"type.googleapis.com/google.firestore.admin.v1.LocationMetadata"},"locationId":"us-west2","displayName":"Los Angeles"},{"name":"projects/dermo-9ca64/locations/us-west3","labels":{"appengine.googleapis.com/region":"us-west3","cloud.googleapis.com/location":"us-west3","cloud.googleapis.com/region":"us-west3"},"metadata":{"@type":"type.googleapis.com/google.firestore.admin.v1.LocationMetadata"},"locationId":"us-west3","displayName":"Salt Lake City"},{"name":"projects/dermo-9ca64/locations/us-west4","labels":{"appengine.googleapis.com/region":"us-west4","cloud.googleapis.com/location":"us-west4","cloud.googleapis.com/region":"us-west4"},"metadata":{"@type":"type.googleapis.com/google.firestore.admin.v1.LocationMetadata"},"locationId":"us-west4","displayName":"Las Vegas"},{"name":"projects/dermo-9ca64/locations/us-west8","labels":{"cloud.googleapis.com/location":"us-west8","cloud.googleapis.com/region":"us-west8"},"metadata":{"@type":"type.googleapis.com/google.firestore.admin.v1.LocationMetadata"},"locationId":"us-west8","displayName":"Phoenix"}]}
[debug] [2025-08-11T07:01:14.260Z] ExitPromptError: User force closed the prompt with SIGINT
    at Interface.sigint (C:\Users\NIKHIL GORE\AppData\Roaming\npm\node_modules\firebase-tools\node_modules\@inquirer\core\dist\commonjs\lib\create-prompt.js:101:37)
    at Interface.emit (node:events:518:28)
    at Interface.emit (node:domain:489:12)
    at [_ttyWrite] [as _ttyWrite] (node:internal/readline/interface:1128:18)
    at ReadStream.onkeypress (node:internal/readline/interface:267:20)
    at ReadStream.emit (node:events:530:35)
    at ReadStream.emit (node:domain:489:12)
    at emitKeys (node:internal/readline/utils:370:14)
    at emitKeys.next (<anonymous>)
    at ReadStream.onData (node:internal/readline/emitKeypressEvents:64:36)
[error] 
[error] Error: An unexpected error has occurred.
